{"name": "test_register_with_all_credentials", "status": "failed", "statusDetails": {"message": "AssertionError: assert None", "trace": "driver = <selenium.webdriver.chrome.webdriver.WebDriver (session=\"8cffdb010fcec107d01e9e92febc1af3\")>\n\n    def test_register_with_all_credentials(driver):\n        home=HomePage(driver)\n        home.click_on_register()\n        register=Register(driver)\n        condition=register.register_in_application(\"Chota\",\"Bheem\",\"chota.bheem620@gmail.com\",\"chintapakdum\",\"chintapakdum\")\n        if condition == driver.find_element(\"xpath\",\"//li[contains(.,'The specified')]\"):\n            allure.attach(driver.get_screenshot_as_png(),name=\"test_register_with_all_credentials\",attachment_type=AttachmentType.PNG)\n>       assert condition\nE       assert None\n\nDemoWebShop\\Tests\\test_register.py:15: AssertionError"}, "start": 1725250695611, "stop": 1725250698566, "uuid": "e2823be8-46fb-41d3-8b2b-7942933c6653", "historyId": "df8cd9b99c608b6d3d23beb3e73af037", "testCaseId": "df8cd9b99c608b6d3d23beb3e73af037", "fullName": "DemoWebShop.Tests.test_register#test_register_with_all_credentials", "labels": [{"name": "parentSuite", "value": "DemoWebShop.Tests"}, {"name": "suite", "value": "test_register"}, {"name": "host", "value": "Kr1tant"}, {"name": "thread", "value": "10404-MainThread"}, {"name": "framework", "value": "pytest"}, {"name": "language", "value": "cpython3"}, {"name": "package", "value": "DemoWebShop.Tests.test_register"}]}